<?xml version="1.0" encoding="UTF-8"?>
<!-- Generated by org.testng.reporters.JUnitReportReporter -->
<testsuite hostname="LAPTOP-OMNP3H05" failures="0" tests="1" name="Generic_Script.Fetch_Data_From_PF" time="0.007" errors="0" timestamp="2023-06-23T08:53:53 IST" skipped="0">
  <testcase classname="Generic_Script.Fetch_Data_From_PF" name="test" time="0.007"/>
</testsuite> <!-- Generic_Script.Fetch_Data_From_PF -->
