<?xml version="1.0" encoding="UTF-8"?>
<!-- Generated by org.testng.reporters.JUnitReportReporter -->
<testsuite hostname="LAPTOP-OMNP3H05" failures="0" tests="1" name="Runner_Script.Log1" time="0.025" errors="0" timestamp="2023-06-27T10:53:02 IST" skipped="0">
  <testcase classname="Runner_Script.Log1" name="test1" time="0.025"/>
</testsuite> <!-- Runner_Script.Log1 -->
