<?xml version="1.0" encoding="UTF-8"?>
<!-- Generated by org.testng.reporters.JUnitReportReporter -->
<testsuite hostname="LAPTOP-OMNP3H05" failures="0" tests="1" name="Runner_Script.Ext_Report" time="0.519" errors="0" timestamp="2023-06-27T10:42:45 IST" skipped="0">
  <testcase classname="Runner_Script.Ext_Report" name="test" time="0.519"/>
</testsuite> <!-- Runner_Script.Ext_Report -->
