<?xml version="1.0" encoding="UTF-8"?>
<!-- Generated by org.testng.reporters.JUnitReportReporter -->
<testsuite hostname="LAPTOP-OMNP3H05" failures="0" tests="2" name="Runner_Script.Parallel_Exe" time="17.886" errors="0" timestamp="2023-06-23T10:25:38 IST" skipped="0">
  <testcase classname="Runner_Script.Parallel_Exe" name="exec" time="8.575"/>
  <testcase classname="Runner_Script.Parallel_Exe" name="exec" time="9.311"/>
</testsuite> <!-- Runner_Script.Parallel_Exe -->
