<?xml version="1.0" encoding="UTF-8"?>
<!-- Generated by org.testng.reporters.JUnitReportReporter -->
<testsuite hostname="LAPTOP-OMNP3H05" failures="0" tests="1" name="Runner_Script.Groups_1" time="0.001" errors="0" timestamp="2023-06-23T11:07:06 IST" skipped="0">
  <testcase classname="Runner_Script.Groups_1" name="tets2" time="0.001"/>
</testsuite> <!-- Runner_Script.Groups_1 -->
